{"level":"info","message":"Fetching client activity reports for client ID: C001","timestamp":"2024-10-24T19:53:27.949Z"}
{"level":"info","message":"Reports fetched: [object Object],[object Object],[object Object],[object Object],[object Object],[object Object],[object Object]","timestamp":"2024-10-24T19:53:27.998Z"}
{"level":"info","message":"Fetching holdings for client ID: C001","timestamp":"2024-10-24T19:54:54.152Z"}
{"0":{"averagePrice":150.5,"clientId":"C001","dayChangePercent":2.5,"instrument":"Stock A","instrumentId":"INST001","investedCapital":15050,"ltp":155,"percentChange":3,"profitLoss":450,"quantity":100},"1":{"averagePrice":200,"clientId":"C001","dayChangePercent":-1.25,"instrument":"Stock B","instrumentId":"INST002","investedCapital":10000,"ltp":195,"percentChange":-2.5,"profitLoss":-250,"quantity":50},"level":"info","message":"Holdings fetched successfully for client ID: C001","timestamp":"2024-10-24T19:54:54.194Z"}
{"level":"info","message":"Fetching client activity reports for client ID: C002","timestamp":"2024-10-25T01:42:49.215Z"}
{"level":"error","message":"Error fetching client activity reports for client ID: C002 No reports found for client ID: C002","stack":"Error: No reports found for client ID: C002\n    at ClientActivityReportService.getClientActivityReports (D:\\CapstoneProj\\FSE2Group3\\midtier\\src\\services\\clientActivityReportService.js:42:23)\n    at process.processTicksAndRejections (node:internal/process/task_queues:95:5)","timestamp":"2024-10-25T01:42:50.392Z"}
{"level":"info","message":"Fetching client activity reports for client ID: C001","timestamp":"2024-10-25T01:42:57.885Z"}
{"code":"EOPENBREAKER","level":"error","message":"Error fetching client activity reports for client ID: C001 Breaker is open","stack":"Error: Breaker is open\n    at buildError (D:\\CapstoneProj\\FSE2Group3\\midtier\\node_modules\\opossum\\lib\\circuit.js:937:17)\n    at CircuitBreaker.call (D:\\CapstoneProj\\FSE2Group3\\midtier\\node_modules\\opossum\\lib\\circuit.js:689:21)\n    at CircuitBreaker.fire (D:\\CapstoneProj\\FSE2Group3\\midtier\\node_modules\\opossum\\lib\\circuit.js:587:17)\n    at D:\\CapstoneProj\\FSE2Group3\\midtier\\src\\controllers\\clientActivityReportController.js:18:91\n    at Layer.handle [as handle_request] (D:\\CapstoneProj\\FSE2Group3\\midtier\\node_modules\\express\\lib\\router\\layer.js:95:5)\n    at next (D:\\CapstoneProj\\FSE2Group3\\midtier\\node_modules\\express\\lib\\router\\route.js:149:13)\n    at Route.dispatch (D:\\CapstoneProj\\FSE2Group3\\midtier\\node_modules\\express\\lib\\router\\route.js:119:3)\n    at Layer.handle [as handle_request] (D:\\CapstoneProj\\FSE2Group3\\midtier\\node_modules\\express\\lib\\router\\layer.js:95:5)\n    at D:\\CapstoneProj\\FSE2Group3\\midtier\\node_modules\\express\\lib\\router\\index.js:284:15\n    at param (D:\\CapstoneProj\\FSE2Group3\\midtier\\node_modules\\express\\lib\\router\\index.js:365:14)","timestamp":"2024-10-25T01:42:57.887Z"}
{"level":"info","message":"Fetching client activity reports for client ID: C002","timestamp":"2024-10-25T01:44:27.559Z"}
{"level":"error","message":"Error fetching client activity reports for client ID: C002 No reports found for client ID: C002","stack":"Error: No reports found for client ID: C002\n    at ClientActivityReportService.getClientActivityReports (D:\\CapstoneProj\\FSE2Group3\\midtier\\src\\services\\clientActivityReportService.js:42:23)\n    at process.processTicksAndRejections (node:internal/process/task_queues:95:5)","timestamp":"2024-10-25T01:44:27.580Z"}
{"level":"info","message":"Fetching client activity reports for client ID: C001","timestamp":"2024-10-25T01:44:56.123Z"}
{"level":"error","message":"Error fetching client activity reports for client ID: C001 No reports found for client ID: C001","stack":"Error: No reports found for client ID: C001\n    at ClientActivityReportService.getClientActivityReports (D:\\CapstoneProj\\FSE2Group3\\midtier\\src\\services\\clientActivityReportService.js:42:23)\n    at process.processTicksAndRejections (node:internal/process/task_queues:95:5)","timestamp":"2024-10-25T01:44:56.839Z"}
{"level":"info","message":"Fetching client activity reports for client ID: C001","timestamp":"2024-10-25T01:47:50.038Z"}
{"level":"info","message":"Reports fetched: [object Object],[object Object],[object Object],[object Object],[object Object],[object Object],[object Object]","timestamp":"2024-10-25T01:47:50.059Z"}
{"level":"info","message":"Fetching client activity reports for client ID: C002","timestamp":"2024-10-25T01:47:58.226Z"}
{"level":"info","message":"Reports fetched: [object Object],[object Object],[object Object],[object Object],[object Object],[object Object],[object Object]","timestamp":"2024-10-25T01:47:58.252Z"}
{"level":"info","message":"Fetching holdings for client ID: C001","timestamp":"2024-10-25T01:52:09.817Z"}
{"0":{"averagePrice":150.5,"clientId":"C001","dayChangePercent":2.5,"instrument":"Google","instrumentId":"INST001","investedCapital":15050,"ltp":155,"percentChange":3,"profitLoss":450,"quantity":100},"1":{"averagePrice":200,"clientId":"C001","dayChangePercent":-1.25,"instrument":"JP Morgan Chase Co.","instrumentId":"INST002","investedCapital":10000,"ltp":195,"percentChange":-2.5,"profitLoss":-250,"quantity":50},"level":"info","message":"Holdings fetched successfully for client ID: C001","timestamp":"2024-10-25T01:52:09.869Z"}
{"level":"info","message":"Fetching holdings for client ID: C001","timestamp":"2024-10-25T01:58:50.694Z"}
{"0":{"averagePrice":150.5,"clientId":"C001","dayChangePercent":2.5,"instrument":"Google","instrumentId":"INST001","investedCapital":15050,"ltp":155,"percentChange":3,"profitLoss":450,"quantity":100},"1":{"averagePrice":200,"clientId":"C001","dayChangePercent":-1.25,"instrument":"JP Morgan Chase Co.","instrumentId":"INST002","investedCapital":10000,"ltp":195,"percentChange":-2.5,"profitLoss":-250,"quantity":50},"level":"info","message":"Holdings fetched successfully for client ID: C001","timestamp":"2024-10-25T01:58:50.724Z"}
{"level":"info","message":"Fetching holdings for client ID: C001","timestamp":"2024-10-25T02:00:55.883Z"}
{"0":{"averagePrice":150.5,"clientId":"C001","dayChangePercent":2.5,"instrument":"Google","instrumentId":"INST001","investedCapital":15050,"ltp":155,"percentChange":3,"profitLoss":450,"quantity":100},"1":{"averagePrice":200,"clientId":"C001","dayChangePercent":-1.25,"instrument":"JP Morgan Chase Co.","instrumentId":"INST002","investedCapital":10000,"ltp":195,"percentChange":-2.5,"profitLoss":-250,"quantity":50},"level":"info","message":"Holdings fetched successfully for client ID: C001","timestamp":"2024-10-25T02:00:55.910Z"}
{"level":"info","message":"Fetching holdings for client ID: C001","timestamp":"2024-10-25T02:02:20.349Z"}
{"0":{"averagePrice":150.5,"clientId":"C001","dayChangePercent":2.5,"instrument":"Google","instrumentId":"INST001","investedCapital":15050,"ltp":155,"percentChange":3,"profitLoss":450,"quantity":100},"1":{"averagePrice":200,"clientId":"C001","dayChangePercent":-1.25,"instrument":"JP Morgan Chase Co.","instrumentId":"INST002","investedCapital":10000,"ltp":195,"percentChange":-2.5,"profitLoss":-250,"quantity":50},"level":"info","message":"Holdings fetched successfully for client ID: C001","timestamp":"2024-10-25T02:02:20.371Z"}
{"level":"info","message":"Fetching holdings for client ID: C001","timestamp":"2024-10-25T02:02:31.472Z"}
{"0":{"averagePrice":150.5,"clientId":"C001","dayChangePercent":2.5,"instrument":"Google","instrumentId":"INST001","investedCapital":15050,"ltp":155,"percentChange":3,"profitLoss":450,"quantity":100},"1":{"averagePrice":200,"clientId":"C001","dayChangePercent":-1.25,"instrument":"JP Morgan Chase Co.","instrumentId":"INST002","investedCapital":10000,"ltp":195,"percentChange":-2.5,"profitLoss":-250,"quantity":50},"level":"info","message":"Holdings fetched successfully for client ID: C001","timestamp":"2024-10-25T02:02:31.489Z"}
{"level":"info","message":"Fetching holdings for client ID: C001","timestamp":"2024-10-25T02:03:10.632Z"}
{"0":{"averagePrice":150.5,"clientId":"C001","dayChangePercent":2.5,"instrument":"Google","instrumentId":"INST001","investedCapital":15050,"ltp":155,"percentChange":3,"profitLoss":450,"quantity":100},"1":{"averagePrice":200,"clientId":"C001","dayChangePercent":-1.25,"instrument":"JP Morgan Chase Co.","instrumentId":"INST002","investedCapital":10000,"ltp":195,"percentChange":-2.5,"profitLoss":-250,"quantity":50},"level":"info","message":"Holdings fetched successfully for client ID: C001","timestamp":"2024-10-25T02:03:10.676Z"}
{"level":"info","message":"Fetching holdings for client ID: C001","timestamp":"2024-10-25T02:03:51.751Z"}
{"0":{"averagePrice":150.5,"clientId":"C001","dayChangePercent":2.5,"instrument":"Google","instrumentId":"INST001","investedCapital":15050,"ltp":155,"percentChange":3,"profitLoss":450,"quantity":100},"1":{"averagePrice":200,"clientId":"C001","dayChangePercent":-1.25,"instrument":"JP Morgan Chase Co.","instrumentId":"INST002","investedCapital":10000,"ltp":195,"percentChange":-2.5,"profitLoss":-250,"quantity":50},"level":"info","message":"Holdings fetched successfully for client ID: C001","timestamp":"2024-10-25T02:03:51.775Z"}
{"level":"info","message":"Fetching holdings for client ID: C001","timestamp":"2024-10-25T02:03:55.586Z"}
{"0":{"averagePrice":150.5,"clientId":"C001","dayChangePercent":2.5,"instrument":"Google","instrumentId":"INST001","investedCapital":15050,"ltp":155,"percentChange":3,"profitLoss":450,"quantity":100},"1":{"averagePrice":200,"clientId":"C001","dayChangePercent":-1.25,"instrument":"JP Morgan Chase Co.","instrumentId":"INST002","investedCapital":10000,"ltp":195,"percentChange":-2.5,"profitLoss":-250,"quantity":50},"level":"info","message":"Holdings fetched successfully for client ID: C001","timestamp":"2024-10-25T02:03:55.604Z"}
{"level":"info","message":"Fetching holdings for client ID: C001","timestamp":"2024-10-25T02:05:37.150Z"}
{"0":{"averagePrice":150.5,"clientId":"C001","dayChangePercent":2.5,"instrument":"Google","instrumentId":"INST001","investedCapital":15050,"ltp":155,"percentChange":3,"profitLoss":450,"quantity":100},"1":{"averagePrice":200,"clientId":"C001","dayChangePercent":-1.25,"instrument":"JP Morgan Chase Co.","instrumentId":"INST002","investedCapital":10000,"ltp":195,"percentChange":-2.5,"profitLoss":-250,"quantity":50},"level":"info","message":"Holdings fetched successfully for client ID: C001","timestamp":"2024-10-25T02:05:37.177Z"}
{"level":"info","message":"Fetching holdings for client ID: C001","timestamp":"2024-10-25T02:05:45.622Z"}
{"0":{"averagePrice":150.5,"clientId":"C001","dayChangePercent":2.5,"instrument":"Google","instrumentId":"INST001","investedCapital":15050,"ltp":155,"percentChange":3,"profitLoss":450,"quantity":100},"1":{"averagePrice":200,"clientId":"C001","dayChangePercent":-1.25,"instrument":"JP Morgan Chase Co.","instrumentId":"INST002","investedCapital":10000,"ltp":195,"percentChange":-2.5,"profitLoss":-250,"quantity":50},"level":"info","message":"Holdings fetched successfully for client ID: C001","timestamp":"2024-10-25T02:05:45.638Z"}
{"level":"info","message":"Fetching holdings for client ID: C001","timestamp":"2024-10-25T02:06:50.333Z"}
{"0":{"averagePrice":150.5,"clientId":"C001","dayChangePercent":2.5,"instrument":"Google","instrumentId":"INST001","investedCapital":15050,"ltp":155,"percentChange":3,"profitLoss":450,"quantity":100},"1":{"averagePrice":200,"clientId":"C001","dayChangePercent":-1.25,"instrument":"JP Morgan Chase Co.","instrumentId":"INST002","investedCapital":10000,"ltp":195,"percentChange":-2.5,"profitLoss":-250,"quantity":50},"level":"info","message":"Holdings fetched successfully for client ID: C001","timestamp":"2024-10-25T02:06:50.374Z"}
{"level":"info","message":"Fetching holdings for client ID: C001","timestamp":"2024-10-25T03:54:59.920Z"}
{"0":{"averagePrice":150.5,"clientId":"C001","dayChangePercent":2.5,"instrument":"Google","instrumentId":"INST001","investedCapital":15050,"ltp":155,"percentChange":3,"profitLoss":450,"quantity":100},"1":{"averagePrice":200,"clientId":"C001","dayChangePercent":-1.25,"instrument":"JP Morgan Chase Co.","instrumentId":"INST002","investedCapital":10000,"ltp":195,"percentChange":-2.5,"profitLoss":-250,"quantity":50},"level":"info","message":"Holdings fetched successfully for client ID: C001","timestamp":"2024-10-25T03:54:59.960Z"}
{"level":"info","message":"Fetching holdings for client ID: C001","timestamp":"2024-10-25T04:04:27.139Z"}
{"0":{"averagePrice":150.5,"clientId":"C001","dayChangePercent":2.5,"instrument":"Google","instrumentId":"INST001","investedCapital":15050,"ltp":155,"percentChange":3,"profitLoss":450,"quantity":100},"1":{"averagePrice":200,"clientId":"C001","dayChangePercent":-1.25,"instrument":"JP Morgan Chase Co.","instrumentId":"INST002","investedCapital":10000,"ltp":195,"percentChange":-2.5,"profitLoss":-250,"quantity":50},"level":"info","message":"Holdings fetched successfully for client ID: C001","timestamp":"2024-10-25T04:04:27.156Z"}
{"level":"info","message":"Fetching holdings for client ID: C001","timestamp":"2024-10-25T04:04:36.995Z"}
{"0":{"averagePrice":150.5,"clientId":"C001","dayChangePercent":2.5,"instrument":"Google","instrumentId":"INST001","investedCapital":15050,"ltp":155,"percentChange":3,"profitLoss":450,"quantity":100},"1":{"averagePrice":200,"clientId":"C001","dayChangePercent":-1.25,"instrument":"JP Morgan Chase Co.","instrumentId":"INST002","investedCapital":10000,"ltp":195,"percentChange":-2.5,"profitLoss":-250,"quantity":50},"level":"info","message":"Holdings fetched successfully for client ID: C001","timestamp":"2024-10-25T04:04:37.011Z"}
{"level":"info","message":"Fetching client activity reports for client ID: 12345","timestamp":"2024-10-25T05:08:39.526Z"}
{"level":"info","message":"Reports fetched: [object Object],[object Object],[object Object],[object Object],[object Object],[object Object],[object Object]","timestamp":"2024-10-25T05:08:39.568Z"}
{"level":"info","message":"Fetching client activity reports for client ID: invalid-id","timestamp":"2024-10-25T05:08:39.587Z"}
{"level":"info","message":"Reports fetched: [object Object],[object Object],[object Object],[object Object],[object Object],[object Object],[object Object]","timestamp":"2024-10-25T05:08:39.598Z"}
{"level":"info","message":"Fetching client activity reports for client ID: 12345","timestamp":"2024-10-25T05:08:39.608Z"}
{"level":"info","message":"Reports fetched: [object Object],[object Object],[object Object],[object Object],[object Object],[object Object],[object Object]","timestamp":"2024-10-25T05:08:39.625Z"}
{"level":"info","message":"Fetching client activity reports for client ID: 12345","timestamp":"2024-10-25T05:08:39.637Z"}
{"level":"info","message":"Reports fetched: [object Object],[object Object],[object Object],[object Object],[object Object],[object Object],[object Object]","timestamp":"2024-10-25T05:08:39.653Z"}
{"level":"info","message":"Fetching client activity reports for client ID: invalid-id","timestamp":"2024-10-25T05:10:34.278Z"}
{"level":"info","message":"Reports fetched: [object Object],[object Object],[object Object],[object Object],[object Object],[object Object],[object Object]","timestamp":"2024-10-25T05:10:34.321Z"}
{"level":"info","message":"Fetching client activity reports for client ID: 12345","timestamp":"2024-10-25T05:10:34.340Z"}
{"level":"info","message":"Reports fetched: [object Object],[object Object],[object Object],[object Object],[object Object],[object Object],[object Object]","timestamp":"2024-10-25T05:10:34.354Z"}
{"level":"info","message":"Fetching client activity reports for client ID: 12345","timestamp":"2024-10-25T05:10:34.364Z"}
{"level":"info","message":"Reports fetched: [object Object],[object Object],[object Object],[object Object],[object Object],[object Object],[object Object]","timestamp":"2024-10-25T05:10:34.379Z"}
{"level":"info","message":"Fetching client activity reports for client ID: 12345","timestamp":"2024-10-25T05:10:34.386Z"}
{"level":"info","message":"Reports fetched: [object Object],[object Object],[object Object],[object Object],[object Object],[object Object],[object Object]","timestamp":"2024-10-25T05:10:34.400Z"}
{"level":"info","message":"Fetching client activity reports for client ID: 12345","timestamp":"2024-10-25T05:14:42.503Z"}
{"level":"info","message":"Reports fetched: [object Object],[object Object],[object Object],[object Object],[object Object],[object Object],[object Object]","timestamp":"2024-10-25T05:14:42.544Z"}
{"level":"info","message":"Fetching client activity reports for client ID: 12345","timestamp":"2024-10-25T05:19:47.960Z"}
{"level":"info","message":"Reports fetched: [object Object],[object Object],[object Object],[object Object],[object Object],[object Object],[object Object]","timestamp":"2024-10-25T05:19:48.001Z"}
{"level":"info","message":"Fetching client activity reports for client ID: invalid-id","timestamp":"2024-10-25T05:19:48.019Z"}
{"level":"info","message":"Reports fetched: [object Object],[object Object],[object Object],[object Object],[object Object],[object Object],[object Object]","timestamp":"2024-10-25T05:19:48.033Z"}
{"level":"info","message":"Fetching client activity reports for client ID: 12345","timestamp":"2024-10-25T05:19:48.043Z"}
{"level":"info","message":"Reports fetched: [object Object],[object Object],[object Object],[object Object],[object Object],[object Object],[object Object]","timestamp":"2024-10-25T05:19:48.055Z"}
{"level":"info","message":"Fetching client activity reports for client ID: 12345","timestamp":"2024-10-25T05:19:48.065Z"}
{"level":"info","message":"Reports fetched: [object Object],[object Object],[object Object],[object Object],[object Object],[object Object],[object Object]","timestamp":"2024-10-25T05:19:48.077Z"}
{"level":"info","message":"Fetching client activity reports for client ID: 12345","timestamp":"2024-10-25T05:20:27.909Z"}
{"level":"info","message":"Reports fetched: [object Object],[object Object],[object Object],[object Object],[object Object],[object Object],[object Object]","timestamp":"2024-10-25T05:20:27.945Z"}
{"level":"info","message":"Fetching client activity reports for client ID: invalid-id","timestamp":"2024-10-25T05:20:27.965Z"}
{"level":"info","message":"Reports fetched: [object Object],[object Object],[object Object],[object Object],[object Object],[object Object],[object Object]","timestamp":"2024-10-25T05:20:27.979Z"}
{"level":"info","message":"Fetching client activity reports for client ID: 12345","timestamp":"2024-10-25T05:20:27.988Z"}
{"level":"info","message":"Reports fetched: [object Object],[object Object],[object Object],[object Object],[object Object],[object Object],[object Object]","timestamp":"2024-10-25T05:20:28.001Z"}
{"level":"info","message":"Fetching client activity reports for client ID: 12345","timestamp":"2024-10-25T05:20:28.009Z"}
{"level":"info","message":"Reports fetched: [object Object],[object Object],[object Object],[object Object],[object Object],[object Object],[object Object]","timestamp":"2024-10-25T05:20:28.023Z"}
{"level":"info","message":"Fetching client activity reports for client ID: C001","timestamp":"2024-10-25T05:21:34.159Z"}
{"level":"info","message":"Reports fetched: [object Object],[object Object],[object Object],[object Object],[object Object],[object Object],[object Object]","timestamp":"2024-10-25T05:21:34.176Z"}
{"level":"info","message":"Fetching client activity reports for client ID: 12345","timestamp":"2024-10-25T05:23:14.309Z"}
{"level":"info","message":"Reports fetched: [object Object],[object Object],[object Object],[object Object],[object Object],[object Object],[object Object]","timestamp":"2024-10-25T05:23:14.346Z"}
{"level":"info","message":"Fetching client activity reports for client ID: invalid-id","timestamp":"2024-10-25T05:23:14.365Z"}
{"level":"info","message":"Reports fetched: [object Object],[object Object],[object Object],[object Object],[object Object],[object Object],[object Object]","timestamp":"2024-10-25T05:23:14.375Z"}
{"level":"info","message":"Fetching client activity reports for client ID: 12345","timestamp":"2024-10-25T05:23:14.385Z"}
{"level":"info","message":"Reports fetched: [object Object],[object Object],[object Object],[object Object],[object Object],[object Object],[object Object]","timestamp":"2024-10-25T05:23:14.399Z"}
{"level":"info","message":"Fetching client activity reports for client ID: 12345","timestamp":"2024-10-25T05:23:14.408Z"}
{"level":"info","message":"Reports fetched: [object Object],[object Object],[object Object],[object Object],[object Object],[object Object],[object Object]","timestamp":"2024-10-25T05:23:14.423Z"}
{"level":"info","message":"Fetching client activity reports for client ID: 12345","timestamp":"2024-10-25T05:25:50.287Z"}
{"level":"info","message":"Reports fetched: [object Object],[object Object],[object Object],[object Object],[object Object],[object Object],[object Object]","timestamp":"2024-10-25T05:25:50.329Z"}
{"level":"info","message":"Fetching client activity reports for client ID: 12345","timestamp":"2024-10-25T05:27:31.416Z"}
{"level":"info","message":"Reports fetched: [object Object],[object Object],[object Object],[object Object],[object Object],[object Object],[object Object]","timestamp":"2024-10-25T05:27:31.457Z"}
{"level":"info","message":"Fetching client activity reports for client ID: 12345","timestamp":"2024-10-25T05:27:31.477Z"}
{"level":"info","message":"Reports fetched: [object Object],[object Object],[object Object],[object Object],[object Object],[object Object],[object Object]","timestamp":"2024-10-25T05:27:31.489Z"}
